<?xml version="1.0" encoding="UTF-8"?>
<!-- Generated by org.testng.reporters.JUnitXMLReporter -->
<testsuite hostname="IHD-1ZMHBX1" name="Test1" tests="1" failures="1" timestamp="8 Jun 2016 10:13:01 GMT" time="1.171" errors="0">
  <testcase name="@AfterClass stop" time="0.0" classname="innRoad.suite.Booking_Engine">
    <failure type="java.lang.NullPointerException">
      <![CDATA[java.lang.NullPointerException
	at innRoad.config.BaseTest.setupAfterSuite(BaseTest.java:139)
	at innRoad.suite.Booking_Engine.stop(Booking_Engine.java:2249)
	at java.util.concurrent.FutureTask.run(Unknown Source)
	at java.util.concurrent.ThreadPoolExecutor.runWorker(Unknown Source)
	at java.util.concurrent.ThreadPoolExecutor$Worker.run(Unknown Source)
	at java.lang.Thread.run(Unknown Source)
... Removed 16 stack frames]]>
    </failure>
  </testcase> <!-- @AfterClass stop -->
  <testcase name="testUntitled" time="0.001" classname="innRoad.suite.Booking_Engine">
    <failure type="java.io.IOException" message="Unable to read entire header; 0 bytes read; expected 32 bytes">
      <![CDATA[java.io.IOException: Unable to read entire header; 0 bytes read; expected 32 bytes
	at org.apache.poi.poifs.storage.HeaderBlockReader.alertShortRead(HeaderBlockReader.java:157)
	at org.apache.poi.poifs.storage.HeaderBlockReader.<init>(HeaderBlockReader.java:85)
	at org.apache.poi.poifs.filesystem.POIFSFileSystem.<init>(POIFSFileSystem.java:151)
	at innRoad.config.BaseTest.setupBeforeSuite(BaseTest.java:113)
	at innRoad.suite.Booking_Engine.testUntitled(Booking_Engine.java:93)
	at java.util.concurrent.FutureTask.run(Unknown Source)
	at java.util.concurrent.ThreadPoolExecutor.runWorker(Unknown Source)
	at java.util.concurrent.ThreadPoolExecutor$Worker.run(Unknown Source)
	at java.lang.Thread.run(Unknown Source)
... Removed 16 stack frames]]>
    </failure>
  </testcase> <!-- testUntitled -->
</testsuite> <!-- Test1 -->
