<?xml version="1.0" encoding="UTF-8"?>
<testng-results skipped="0" failed="0" total="1" passed="1">
  <reporter-output>
  </reporter-output>
  <suite name="Default suite" duration-ms="199944" started-at="2016-06-23T09:43:29Z" finished-at="2016-06-23T09:46:49Z">
    <groups>
    </groups>
    <test name="Default test" duration-ms="199944" started-at="2016-06-23T09:43:29Z" finished-at="2016-06-23T09:46:49Z">
      <class name="innRoad.suite.Usergent_Iphone">
        <test-method status="PASS" signature="testUntitled(java.lang.String, java.lang.String, java.lang.String, java.lang.String, java.lang.String, java.lang.String, java.lang.String, java.lang.String, java.lang.String, java.lang.String, java.lang.String, java.lang.String, java.lang.String, java.lang.String, java.lang.String, java.lang.String, java.lang.String, java.lang.String, java.lang.String, java.lang.String, java.lang.String, java.lang.String, java.lang.String, java.lang.String, java.lang.String, java.lang.String, java.lang.String, java.lang.String, java.lang.String, java.lang.String, java.lang.String, java.lang.String, java.lang.String, java.lang.String, java.lang.String, java.lang.String, java.lang.String, java.lang.String)[pri:0, instance:innRoad.suite.Usergent_Iphone@1d16f93d]" name="testUntitled" duration-ms="195396" started-at="2016-06-23T15:13:33Z" data-provider="testParameterData" finished-at="2016-06-23T15:16:48Z">
          <params>
            <param index="0">
              <value>
                <![CDATA[https://test.innroad.com/mbe/churchill/property.aspx]]>
              </value>
            </param>
            <param index="1">
              <value>
                <![CDATA[Churchill Pointe Inn]]>
              </value>
            </param>
            <param index="2">
              <value>
                <![CDATA[Churchill Pointe Inn]]>
              </value>
            </param>
            <param index="3">
              <value>
                <![CDATA[6]]>
              </value>
            </param>
            <param index="4">
              <value>
                <![CDATA[0]]>
              </value>
            </param>
            <param index="5">
              <value>
                <![CDATA[2016/06/25]]>
              </value>
            </param>
            <param index="6">
              <value>
                <![CDATA[2016/06/28]]>
              </value>
            </param>
            <param index="7">
              <value>
                <![CDATA[Jun 25-Jun 28]]>
              </value>
            </param>
            <param index="8">
              <value>
                <![CDATA[sample Rooms]]>
              </value>
            </param>
            <param index="9">
              <value>
                <![CDATA[Available Rooms]]>
              </value>
            </param>
            <param index="10">
              <value>
                <![CDATA[Site is in Test Mode. Reservations will not be honored. app-test@innroad.com]]>
              </value>
            </param>
            <param index="11">
              <value>
                <![CDATA[4]]>
              </value>
            </param>
            <param index="12">
              <value>
                <![CDATA[Add Package]]>
              </value>
            </param>
            <param index="13">
              <value>
                <![CDATA[Sample package]]>
              </value>
            </param>
            <param index="14">
              <value>
                <![CDATA[3.26]]>
              </value>
            </param>
            <param index="15">
              <value>
                <![CDATA[10]]>
              </value>
            </param>
            <param index="16">
              <value>
                <![CDATA[23.20]]>
              </value>
            </param>
            <param index="17">
              <value>
                <![CDATA[1]]>
              </value>
            </param>
            <param index="18">
              <value>
                <![CDATA[sample rate]]>
              </value>
            </param>
            <param index="19">
              <value>
                <![CDATA[Dinesh]]>
              </value>
            </param>
            <param index="20">
              <value>
                <![CDATA[Ganganaboina]]>
              </value>
            </param>
            <param index="21">
              <value>
                <![CDATA[9985975903]]>
              </value>
            </param>
            <param index="22">
              <value>
                <![CDATA[dinesh.ganganaboina@innroad.com]]>
              </value>
            </param>
            <param index="23">
              <value>
                <![CDATA[9050 Captial Hwy]]>
              </value>
            </param>
            <param index="24">
              <value>
                <![CDATA[Austin]]>
              </value>
            </param>
            <param index="25">
              <value>
                <![CDATA[78759]]>
              </value>
            </param>
            <param index="26">
              <value>
                <![CDATA[Texas]]>
              </value>
            </param>
            <param index="27">
              <value>
                <![CDATA[United States]]>
              </value>
            </param>
            <param index="28">
              <value>
                <![CDATA[MC]]>
              </value>
            </param>
            <param index="29">
              <value>
                <![CDATA[5454545454545454]]>
              </value>
            </param>
            <param index="30">
              <value>
                <![CDATA[Aug]]>
              </value>
            </param>
            <param index="31">
              <value>
                <![CDATA[2017]]>
              </value>
            </param>
            <param index="32">
              <value>
                <![CDATA[123]]>
              </value>
            </param>
            <param index="33">
              <value>
                <![CDATA[Walk In]]>
              </value>
            </param>
            <param index="34">
              <value>
                <![CDATA[xyz]]>
              </value>
            </param>
            <param index="35">
              <value>
                <![CDATA[Dinesh Ganganaboina]]>
              </value>
            </param>
            <param index="36">
              <value>
                <![CDATA[+1 9985975903]]>
              </value>
            </param>
            <param index="37">
              <value>
                <![CDATA[5454XXXXXXXX5454]]>
              </value>
            </param>
          </params>
          <reporter-output>
          </reporter-output>
        </test-method> <!-- testUntitled -->
        <test-method status="PASS" signature="stop()[pri:0, instance:innRoad.suite.Usergent_Iphone@1d16f93d]" name="stop" is-config="true" duration-ms="1334" started-at="2016-06-23T15:16:48Z" finished-at="2016-06-23T15:16:49Z">
          <reporter-output>
          </reporter-output>
        </test-method> <!-- stop -->
      </class> <!-- innRoad.suite.Usergent_Iphone -->
    </test> <!-- Default test -->
  </suite> <!-- Default suite -->
</testng-results>
