<?xml version="1.0" encoding="UTF-8"?>
<testng-results skipped="0" failed="0" total="1" passed="1">
  <reporter-output>
  </reporter-output>
  <suite name="Default suite" duration-ms="194023" started-at="2016-06-29T10:57:08Z" finished-at="2016-06-29T11:00:22Z">
    <groups>
    </groups>
    <test name="Default test" duration-ms="194023" started-at="2016-06-29T10:57:08Z" finished-at="2016-06-29T11:00:22Z">
      <class name="innRoad.suite.TestSeasons">
        <test-method status="PASS" signature="test3()[pri:0, instance:innRoad.suite.TestSeasons@13deb50e]" name="test3" duration-ms="193984" started-at="2016-06-29T16:27:08Z" finished-at="2016-06-29T16:30:22Z">
          <reporter-output>
          </reporter-output>
        </test-method> <!-- test3 -->
      </class> <!-- innRoad.suite.TestSeasons -->
    </test> <!-- Default test -->
  </suite> <!-- Default suite -->
</testng-results>
